MIF/HEX Update report for SCOMP
Tue Apr 19 19:53:58 2022
Quartus Prime Version 19.1.0 Build 670 09/22/2019 SJ Lite Edition


---------------------
; Table of Contents ;
---------------------
  1. Legal Notice
  2. MIF/HEX Update Summary
  3. MIF/HEX Update Processed Files
  4. MIF/HEX Update Messages



----------------
; Legal Notice ;
----------------
Copyright (C) 2019  Intel Corporation. All rights reserved.
Your use of Intel Corporation's design tools, logic functions 
and other software and tools, and any partner logic 
functions, and any output files from any of the foregoing 
(including device programming or simulation files), and any 
associated documentation or information are expressly subject 
to the terms and conditions of the Intel Program License 
Subscription Agreement, the Intel Quartus Prime License Agreement,
the Intel FPGA IP License Agreement, or other applicable license
agreement, including, without limitation, that your use is for
the sole purpose of programming logic devices manufactured by
Intel and sold by Intel or its authorized distributors.  Please
refer to the applicable agreement for further details, at
https://fpgasoftware.intel.com/eula.



+---------------------------------------------------------------+
; MIF/HEX Update Summary                                        ;
+-----------------------+---------------------------------------+
; MIF/HEX Update Status ; Successful - Tue Apr 19 19:53:58 2022 ;
; Revision Name         ; SCOMP                                 ;
; Top-level Entity Name ; SCOMP_System                          ;
; Family                ; Cyclone V                             ;
; Device                ; 5CSXFC6D6F31C6                        ;
+-----------------------+---------------------------------------+


+-------------------------------------------------------------------------------------+
; MIF/HEX Update Processed Files                                                      ;
+-------------------------------------------------------------------------------------+
; File Name                                                                           ;
+-------------------------------------------------------------------------------------+
; //vmware-host/Shared Folders/Desktop/ECE2031Labs/NeoPixel2031Project/SetAllTest.mif ;
; //vmware-host/Shared Folders/Desktop/ECE2031Labs/NeoPixel2031Project/pixeldata.mif  ;
+-------------------------------------------------------------------------------------+


+-------------------------+
; MIF/HEX Update Messages ;
+-------------------------+
Info: *******************************************************************
Info: Running Quartus Prime MIF/HEX Update
    Info: Version 19.1.0 Build 670 09/22/2019 SJ Lite Edition
    Info: Processing started: Tue Apr 19 19:53:46 2022
Info: Command: quartus_cdb SCOMP -c SCOMP --update_mif
Critical Warning (127005): Memory depth (256) in the design file differs from memory depth (255) in the Memory Initialization File "//vmware-host/Shared Folders/Desktop/ECE2031Labs/NeoPixel2031Project/pixeldata.mif" -- setting initial value for remaining addresses to 0
Warning (113031): 53 out of 2048 addresses are reinitialized. The latest initialized data will replace the existing data. There are 53 warnings found, and 10 warnings are reported. File: //vmware-host/Shared Folders/Desktop/ECE2031Labs/NeoPixel2031Project/SetAllTest.mif Line: 1
    Warning (113030): Memory Initialization File address 0 is reinitialized File: //vmware-host/Shared Folders/Desktop/ECE2031Labs/NeoPixel2031Project/ Line: 13
    Warning (113030): Memory Initialization File address 1 is reinitialized File: //vmware-host/Shared Folders/Desktop/ECE2031Labs/NeoPixel2031Project/ Line: 14
    Warning (113030): Memory Initialization File address 2 is reinitialized File: //vmware-host/Shared Folders/Desktop/ECE2031Labs/NeoPixel2031Project/ Line: 15
    Warning (113030): Memory Initialization File address 3 is reinitialized File: //vmware-host/Shared Folders/Desktop/ECE2031Labs/NeoPixel2031Project/ Line: 16
    Warning (113030): Memory Initialization File address 4 is reinitialized File: //vmware-host/Shared Folders/Desktop/ECE2031Labs/NeoPixel2031Project/ Line: 17
    Warning (113030): Memory Initialization File address 5 is reinitialized File: //vmware-host/Shared Folders/Desktop/ECE2031Labs/NeoPixel2031Project/ Line: 18
    Warning (113030): Memory Initialization File address 6 is reinitialized File: //vmware-host/Shared Folders/Desktop/ECE2031Labs/NeoPixel2031Project/ Line: 19
    Warning (113030): Memory Initialization File address 7 is reinitialized File: //vmware-host/Shared Folders/Desktop/ECE2031Labs/NeoPixel2031Project/ Line: 20
    Warning (113030): Memory Initialization File address 8 is reinitialized File: //vmware-host/Shared Folders/Desktop/ECE2031Labs/NeoPixel2031Project/ Line: 21
    Warning (113030): Memory Initialization File address 9 is reinitialized File: //vmware-host/Shared Folders/Desktop/ECE2031Labs/NeoPixel2031Project/ Line: 22
Info (39024): Processed the following Memory Initialization File(s)
    Info (39025): Processed Memory Initialization File //vmware-host/Shared Folders/Desktop/ECE2031Labs/NeoPixel2031Project/SetAllTest.mif File: //vmware-host/Shared Folders/Desktop/ECE2031Labs/NeoPixel2031Project/SetAllTest.mif Line: 0
    Info (39025): Processed Memory Initialization File //vmware-host/Shared Folders/Desktop/ECE2031Labs/NeoPixel2031Project/pixeldata.mif File: //vmware-host/Shared Folders/Desktop/ECE2031Labs/NeoPixel2031Project/pixeldata.mif Line: 0
Info: Quartus Prime MIF/HEX Update was successful. 0 errors, 12 warnings
    Info: Peak virtual memory: 4883 megabytes
    Info: Processing ended: Tue Apr 19 19:53:58 2022
    Info: Elapsed time: 00:00:12
    Info: Total CPU time (on all processors): 00:00:08


