Flow report for SCOMP
Fri Apr 15 14:56:29 2022
Quartus Prime Version 19.1.0 Build 670 09/22/2019 SJ Lite Edition


---------------------
; Table of Contents ;
---------------------
  1. Legal Notice
  2. Flow Summary
  3. Flow Settings
  4. Flow Non-Default Global Settings
  5. Flow Elapsed Time
  6. Flow OS Summary
  7. Flow Log
  8. Flow Messages
  9. Flow Suppressed Messages



----------------
; Legal Notice ;
----------------
Copyright (C) 2019  Intel Corporation. All rights reserved.
Your use of Intel Corporation's design tools, logic functions 
and other software and tools, and any partner logic 
functions, and any output files from any of the foregoing 
(including device programming or simulation files), and any 
associated documentation or information are expressly subject 
to the terms and conditions of the Intel Program License 
Subscription Agreement, the Intel Quartus Prime License Agreement,
the Intel FPGA IP License Agreement, or other applicable license
agreement, including, without limitation, that your use is for
the sole purpose of programming logic devices manufactured by
Intel and sold by Intel or its authorized distributors.  Please
refer to the applicable agreement for further details, at
https://fpgasoftware.intel.com/eula.



+-------------------------------------------------------------------------------+
; Flow Summary                                                                  ;
+---------------------------------+---------------------------------------------+
; Flow Status                     ; Successful - Fri Apr 15 14:56:29 2022       ;
; Quartus Prime Version           ; 19.1.0 Build 670 09/22/2019 SJ Lite Edition ;
; Revision Name                   ; SCOMP                                       ;
; Top-level Entity Name           ; SCOMP_System                                ;
; Family                          ; Cyclone V                                   ;
; Device                          ; 5CSXFC6D6F31C6                              ;
; Timing Models                   ; Final                                       ;
; Logic utilization (in ALMs)     ; 338 / 41,910 ( < 1 % )                      ;
; Total registers                 ; 381                                         ;
; Total pins                      ; 64 / 499 ( 13 % )                           ;
; Total virtual pins              ; 0                                           ;
; Total block memory bits         ; 38,912 / 5,662,720 ( < 1 % )                ;
; Total DSP Blocks                ; 0 / 112 ( 0 % )                             ;
; Total HSSI RX PCSs              ; 0 / 9 ( 0 % )                               ;
; Total HSSI PMA RX Deserializers ; 0 / 9 ( 0 % )                               ;
; Total HSSI TX PCSs              ; 0 / 9 ( 0 % )                               ;
; Total HSSI PMA TX Serializers   ; 0 / 9 ( 0 % )                               ;
; Total PLLs                      ; 1 / 15 ( 7 % )                              ;
; Total DLLs                      ; 0 / 4 ( 0 % )                               ;
+---------------------------------+---------------------------------------------+


+-----------------------------------------+
; Flow Settings                           ;
+-------------------+---------------------+
; Option            ; Setting             ;
+-------------------+---------------------+
; Start date & time ; 04/15/2022 14:32:47 ;
; Main task         ; Compilation         ;
; Revision Name     ; SCOMP               ;
+-------------------+---------------------+


+-------------------------------------------------------------------------------------------------------------------------------------------------+
; Flow Non-Default Global Settings                                                                                                                ;
+-------------------------------------+----------------------------------------+---------------+--------------+-----------------------------------+
; Assignment Name                     ; Value                                  ; Default Value ; Entity Name  ; Section Id                        ;
+-------------------------------------+----------------------------------------+---------------+--------------+-----------------------------------+
; ADVANCED_PHYSICAL_OPTIMIZATION      ; Off                                    ; On            ; --           ; --                                ;
; COMPILER_SIGNATURE_ID               ; 48849910695917.165004756645292         ; --            ; --           ; --                                ;
; EDA_GENERATE_FUNCTIONAL_NETLIST     ; Off                                    ; --            ; --           ; eda_board_design_timing           ;
; EDA_GENERATE_FUNCTIONAL_NETLIST     ; Off                                    ; --            ; --           ; eda_board_design_boundary_scan    ;
; EDA_GENERATE_FUNCTIONAL_NETLIST     ; Off                                    ; --            ; --           ; eda_board_design_signal_integrity ;
; EDA_GENERATE_FUNCTIONAL_NETLIST     ; Off                                    ; --            ; --           ; eda_board_design_symbol           ;
; EDA_OUTPUT_DATA_FORMAT              ; Verilog Hdl                            ; --            ; --           ; eda_simulation                    ;
; EDA_SIMULATION_TOOL                 ; ModelSim-Altera (Verilog)              ; <None>        ; --           ; --                                ;
; EDA_TIME_SCALE                      ; 1 ps                                   ; --            ; --           ; eda_simulation                    ;
; MAX_CORE_JUNCTION_TEMP              ; 85                                     ; --            ; --           ; --                                ;
; MIN_CORE_JUNCTION_TEMP              ; 0                                      ; --            ; --           ; --                                ;
; MISC_FILE                           ; PLL_main.cmp                           ; --            ; --           ; --                                ;
; MISC_FILE                           ; PLL_main_sim/PLL_main.vho              ; --            ; --           ; --                                ;
; NUM_PARALLEL_PROCESSORS             ; All                                    ; --            ; --           ; --                                ;
; OUTPUT_IO_TIMING_FAR_END_VMEAS      ; Half Signal Swing                      ; --            ; --           ; --                                ;
; OUTPUT_IO_TIMING_FAR_END_VMEAS      ; Half Signal Swing                      ; --            ; --           ; --                                ;
; OUTPUT_IO_TIMING_NEAR_END_VMEAS     ; Half Vccio                             ; --            ; --           ; --                                ;
; OUTPUT_IO_TIMING_NEAR_END_VMEAS     ; Half Vccio                             ; --            ; --           ; --                                ;
; PARTITION_COLOR                     ; -- (Not supported for targeted family) ; --            ; SCOMP_System ; Top                               ;
; PARTITION_FITTER_PRESERVATION_LEVEL ; -- (Not supported for targeted family) ; --            ; SCOMP_System ; Top                               ;
; PARTITION_NETLIST_TYPE              ; -- (Not supported for targeted family) ; --            ; SCOMP_System ; Top                               ;
; POWER_BOARD_THERMAL_MODEL           ; None (CONSERVATIVE)                    ; --            ; --           ; --                                ;
; POWER_PRESET_COOLING_SOLUTION       ; 23 MM HEAT SINK WITH 200 LFPM AIRFLOW  ; --            ; --           ; --                                ;
; PROJECT_OUTPUT_DIRECTORY            ; output_files                           ; --            ; --           ; --                                ;
; SPD_FILE                            ; PLL_main.spd                           ; --            ; --           ; --                                ;
; SYNTHESIS_ONLY_QIP                  ; On                                     ; --            ; --           ; --                                ;
; TOP_LEVEL_ENTITY                    ; SCOMP_System                           ; SCOMP         ; --           ; --                                ;
+-------------------------------------+----------------------------------------+---------------+--------------+-----------------------------------+


+--------------------------------------------------------------------------------------------------------------------------+
; Flow Elapsed Time                                                                                                        ;
+----------------------+--------------+-------------------------+---------------------+------------------------------------+
; Module Name          ; Elapsed Time ; Average Processors Used ; Peak Virtual Memory ; Total CPU Time (on all processors) ;
+----------------------+--------------+-------------------------+---------------------+------------------------------------+
; Analysis & Synthesis ; 00:00:10     ; 1.0                     ; 4916 MB             ; 00:00:24                           ;
; Fitter               ; 00:01:07     ; 1.1                     ; 6864 MB             ; 00:01:38                           ;
; Assembler            ; 00:00:06     ; 1.0                     ; 4854 MB             ; 00:00:06                           ;
; Timing Analyzer      ; 00:00:07     ; 1.5                     ; 5256 MB             ; 00:00:10                           ;
; EDA Netlist Writer   ; 00:00:01     ; 1.0                     ; 4838 MB             ; 00:00:02                           ;
; MIF/HEX Update       ; 00:00:03     ; 1.0                     ; 4882 MB             ; 00:00:03                           ;
; Assembler            ; 00:00:06     ; 1.0                     ; 4858 MB             ; 00:00:06                           ;
; MIF/HEX Update       ; 00:00:03     ; 1.0                     ; 4883 MB             ; 00:00:03                           ;
; Assembler            ; 00:00:06     ; 1.0                     ; 4858 MB             ; 00:00:06                           ;
; EDA Netlist Writer   ; 00:00:01     ; 1.0                     ; 4731 MB             ; 00:00:01                           ;
; EDA Netlist Writer   ; 00:00:02     ; 1.0                     ; 4843 MB             ; 00:00:01                           ;
; MIF/HEX Update       ; 00:00:03     ; 1.0                     ; 4886 MB             ; 00:00:03                           ;
; Assembler            ; 00:00:06     ; 1.0                     ; 4857 MB             ; 00:00:06                           ;
; MIF/HEX Update       ; 00:00:03     ; 1.0                     ; 4889 MB             ; 00:00:03                           ;
; Assembler            ; 00:00:07     ; 1.0                     ; 4868 MB             ; 00:00:06                           ;
; MIF/HEX Update       ; 00:00:03     ; 1.0                     ; 4890 MB             ; 00:00:03                           ;
; Assembler            ; 00:00:06     ; 1.0                     ; 4867 MB             ; 00:00:06                           ;
; Total                ; 00:02:20     ; --                      ; --                  ; 00:03:07                           ;
+----------------------+--------------+-------------------------+---------------------+------------------------------------+


+------------------------------------------------------------------------------------+
; Flow OS Summary                                                                    ;
+----------------------+------------------+------------+------------+----------------+
; Module Name          ; Machine Hostname ; OS Name    ; OS Version ; Processor type ;
+----------------------+------------------+------------+------------+----------------+
; Analysis & Synthesis ; DESKTOP-1RMELV3  ; Windows 10 ; 10.0       ; x86_64         ;
; Fitter               ; DESKTOP-1RMELV3  ; Windows 10 ; 10.0       ; x86_64         ;
; Assembler            ; DESKTOP-1RMELV3  ; Windows 10 ; 10.0       ; x86_64         ;
; Timing Analyzer      ; DESKTOP-1RMELV3  ; Windows 10 ; 10.0       ; x86_64         ;
; EDA Netlist Writer   ; DESKTOP-1RMELV3  ; Windows 10 ; 10.0       ; x86_64         ;
; MIF/HEX Update       ; DESKTOP-1RMELV3  ; Windows 10 ; 10.0       ; x86_64         ;
; Assembler            ; DESKTOP-1RMELV3  ; Windows 10 ; 10.0       ; x86_64         ;
; MIF/HEX Update       ; DESKTOP-1RMELV3  ; Windows 10 ; 10.0       ; x86_64         ;
; Assembler            ; DESKTOP-1RMELV3  ; Windows 10 ; 10.0       ; x86_64         ;
; EDA Netlist Writer   ; DESKTOP-1RMELV3  ; Windows 10 ; 10.0       ; x86_64         ;
; EDA Netlist Writer   ; DESKTOP-1RMELV3  ; Windows 10 ; 10.0       ; x86_64         ;
; MIF/HEX Update       ; DESKTOP-1RMELV3  ; Windows 10 ; 10.0       ; x86_64         ;
; Assembler            ; DESKTOP-1RMELV3  ; Windows 10 ; 10.0       ; x86_64         ;
; MIF/HEX Update       ; DESKTOP-1RMELV3  ; Windows 10 ; 10.0       ; x86_64         ;
; Assembler            ; DESKTOP-1RMELV3  ; Windows 10 ; 10.0       ; x86_64         ;
; MIF/HEX Update       ; DESKTOP-1RMELV3  ; Windows 10 ; 10.0       ; x86_64         ;
; Assembler            ; DESKTOP-1RMELV3  ; Windows 10 ; 10.0       ; x86_64         ;
+----------------------+------------------+------------+------------+----------------+


------------
; Flow Log ;
------------
quartus_map --read_settings_files=on --write_settings_files=off SCOMP -c SCOMP
quartus_fit --read_settings_files=off --write_settings_files=off SCOMP -c SCOMP
quartus_asm --read_settings_files=off --write_settings_files=off SCOMP -c SCOMP
quartus_sta SCOMP -c SCOMP
quartus_eda --read_settings_files=off --write_settings_files=off SCOMP -c SCOMP
quartus_cdb SCOMP -c SCOMP --update_mif
quartus_asm --read_settings_files=on --write_settings_files=off SCOMP -c SCOMP
quartus_cdb SCOMP -c SCOMP --update_mif
quartus_asm --read_settings_files=on --write_settings_files=off SCOMP -c SCOMP
quartus_eda --gen_testbench --tool=modelsim_oem --format=vhdl --write_settings_files=off SCOMP -c SCOMP --vector_source=C:/Users/ishan/OneDrive/Documents/GitHub/NeoPixel2031Project/SCOMP_test.vwf --testbench_file=C:/Users/ishan/OneDrive/Documents/GitHub/NeoPixel2031Project/simulation/qsim/SCOMP_test.vwf.vht
quartus_eda --write_settings_files=off --simulation=on --functional=on --flatten_buses=off --tool=modelsim_oem --format=vhdl --output_directory=C:/Users/ishan/OneDrive/Documents/GitHub/NeoPixel2031Project/simulation/qsim/ SCOMP -c SCOMP
quartus_cdb SCOMP -c SCOMP --update_mif
quartus_asm --read_settings_files=on --write_settings_files=off SCOMP -c SCOMP
quartus_cdb SCOMP -c SCOMP --update_mif
quartus_asm --read_settings_files=on --write_settings_files=off SCOMP -c SCOMP
quartus_cdb SCOMP -c SCOMP --update_mif
quartus_asm --read_settings_files=on --write_settings_files=off SCOMP -c SCOMP



